0 info it worked if it ends with ok
1 verbose cli [ '/usr/local/bin/node',
1 verbose cli   '/usr/local/bin/npm',
1 verbose cli   'install',
1 verbose cli   'netlify-cli',
1 verbose cli   '-g' ]
2 info using npm@2.15.0
3 info using node@v4.4.2
4 verbose install initial load of /usr/local/lib/package.json
5 verbose readDependencies loading dependencies from /usr/local/lib/package.json
6 silly cache add args [ 'netlify-cli', null ]
7 verbose cache add spec netlify-cli
8 silly cache add parsed spec Result {
8 silly cache add   raw: 'netlify-cli',
8 silly cache add   scope: null,
8 silly cache add   name: 'netlify-cli',
8 silly cache add   rawSpec: '',
8 silly cache add   spec: 'latest',
8 silly cache add   type: 'tag' }
9 silly addNamed netlify-cli@latest
10 verbose addNamed "latest" is being treated as a dist-tag for netlify-cli
11 info addNameTag [ 'netlify-cli', 'latest' ]
12 silly mapToRegistry name netlify-cli
13 silly mapToRegistry using default registry
14 silly mapToRegistry registry https://registry.npmjs.org/
15 silly mapToRegistry data Result {
15 silly mapToRegistry   raw: 'netlify-cli',
15 silly mapToRegistry   scope: null,
15 silly mapToRegistry   name: 'netlify-cli',
15 silly mapToRegistry   rawSpec: '',
15 silly mapToRegistry   spec: 'latest',
15 silly mapToRegistry   type: 'tag' }
16 silly mapToRegistry uri https://registry.npmjs.org/netlify-cli
17 verbose addNameTag registry:https://registry.npmjs.org/netlify-cli not in flight; fetching
18 verbose request uri https://registry.npmjs.org/netlify-cli
19 verbose request no auth needed
20 info attempt registry request try #1 at 4:23:42 PM
21 verbose request id 2a0a331e24358b7c
22 verbose etag "3CNEDN1X4B2L4LMBQODYAIRSP"
23 http request GET https://registry.npmjs.org/netlify-cli
24 http 200 https://registry.npmjs.org/netlify-cli
25 verbose headers { server: 'nginx/1.10.1',
25 verbose headers   'content-type': 'application/json',
25 verbose headers   'last-modified': 'Wed, 19 Oct 2016 20:27:21 GMT',
25 verbose headers   etag: 'W/"5807d729-7fc0"',
25 verbose headers   'content-encoding': 'gzip',
25 verbose headers   'cache-control': 'max-age=300',
25 verbose headers   'content-length': '3736',
25 verbose headers   'accept-ranges': 'bytes',
25 verbose headers   date: 'Tue, 22 Nov 2016 00:23:42 GMT',
25 verbose headers   via: '1.1 varnish',
25 verbose headers   age: '0',
25 verbose headers   connection: 'keep-alive',
25 verbose headers   'x-served-by': 'cache-sea1923-SEA',
25 verbose headers   'x-cache': 'MISS',
25 verbose headers   'x-cache-hits': '0',
25 verbose headers   'x-timer': 'S1479774222.476528,VS0,VE14',
25 verbose headers   vary: 'Accept-Encoding' }
26 silly get cb [ 200,
26 silly get   { server: 'nginx/1.10.1',
26 silly get     'content-type': 'application/json',
26 silly get     'last-modified': 'Wed, 19 Oct 2016 20:27:21 GMT',
26 silly get     etag: 'W/"5807d729-7fc0"',
26 silly get     'content-encoding': 'gzip',
26 silly get     'cache-control': 'max-age=300',
26 silly get     'content-length': '3736',
26 silly get     'accept-ranges': 'bytes',
26 silly get     date: 'Tue, 22 Nov 2016 00:23:42 GMT',
26 silly get     via: '1.1 varnish',
26 silly get     age: '0',
26 silly get     connection: 'keep-alive',
26 silly get     'x-served-by': 'cache-sea1923-SEA',
26 silly get     'x-cache': 'MISS',
26 silly get     'x-cache-hits': '0',
26 silly get     'x-timer': 'S1479774222.476528,VS0,VE14',
26 silly get     vary: 'Accept-Encoding' } ]
27 verbose get saving netlify-cli to /Users/Caitie/.npm/registry.npmjs.org/netlify-cli/.cache.json
28 verbose correctMkdir /Users/Caitie/.npm correctMkdir not in flight; initializing
29 silly addNameTag next cb for netlify-cli with tag latest
30 silly addNamed netlify-cli@1.1.0
31 verbose addNamed "1.1.0" is a plain semver version for netlify-cli
32 silly mapToRegistry name netlify-cli
33 silly mapToRegistry using default registry
34 silly mapToRegistry registry https://registry.npmjs.org/
35 silly mapToRegistry data Result {
35 silly mapToRegistry   raw: 'netlify-cli',
35 silly mapToRegistry   scope: null,
35 silly mapToRegistry   name: 'netlify-cli',
35 silly mapToRegistry   rawSpec: '',
35 silly mapToRegistry   spec: 'latest',
35 silly mapToRegistry   type: 'tag' }
36 silly mapToRegistry uri https://registry.npmjs.org/netlify-cli
37 verbose addRemoteTarball https://registry.npmjs.org/netlify-cli/-/netlify-cli-1.1.0.tgz not in flight; adding
38 verbose addRemoteTarball [ 'https://registry.npmjs.org/netlify-cli/-/netlify-cli-1.1.0.tgz',
38 verbose addRemoteTarball   '85327b560e312aa336b8bd51e55eaba96e3ef21f' ]
39 info retry fetch attempt 1 at 4:23:43 PM
40 info attempt registry request try #1 at 4:23:43 PM
41 http fetch GET https://registry.npmjs.org/netlify-cli/-/netlify-cli-1.1.0.tgz
42 http fetch 200 https://registry.npmjs.org/netlify-cli/-/netlify-cli-1.1.0.tgz
43 silly fetchAndShaCheck shasum 85327b560e312aa336b8bd51e55eaba96e3ef21f
44 verbose addTmpTarball /var/folders/km/r88bqzpn0hq819bzgz36h2jc0000gn/T/npm-59957-edf3d32d/registry.npmjs.org/netlify-cli/-/netlify-cli-1.1.0.tgz not in flight; adding
45 verbose addTmpTarball already have metadata; skipping unpack for netlify-cli@1.1.0
46 verbose correctMkdir /Users/Caitie/.npm correctMkdir not in flight; initializing
47 silly cache afterAdd netlify-cli@1.1.0
48 verbose afterAdd /Users/Caitie/.npm/netlify-cli/1.1.0/package/package.json not in flight; writing
49 verbose correctMkdir /Users/Caitie/.npm correctMkdir not in flight; initializing
50 verbose afterAdd /Users/Caitie/.npm/netlify-cli/1.1.0/package/package.json written
51 silly install resolved [ { name: 'netlify-cli',
51 silly install resolved     version: '1.1.0',
51 silly install resolved     description: 'Netlify builds, deploys and hosts your front-end straight from Github.',
51 silly install resolved     scripts: { test: 'echo "Error: no test specified" && exit 1' },
51 silly install resolved     bin: { netlify: './bin/cli.js' },
51 silly install resolved     keywords: [ 'netlify', 'hosting', 'cdn', 'deploy' ],
51 silly install resolved     author: { name: 'Netlify' },
51 silly install resolved     license: 'MIT',
51 silly install resolved     bugs: { url: 'https://github.com/netlify/netlify-cli/issues' },
51 silly install resolved     repository:
51 silly install resolved      { type: 'git',
51 silly install resolved        url: 'git+https://github.com/netlify/netlify-cli.git' },
51 silly install resolved     homepage: 'https://github.com/netlify/netlify-cli',
51 silly install resolved     dependencies:
51 silly install resolved      { chalk: '^0.5.1',
51 silly install resolved        commander: '^2.9.0',
51 silly install resolved        github: '^0.2.4',
51 silly install resolved        'home-dir': '^0.2.0',
51 silly install resolved        inquirer: '^0.11.0',
51 silly install resolved        netlify: '^1.2.0',
51 silly install resolved        open: '0.0.5',
51 silly install resolved        prompt: '^0.2.14',
51 silly install resolved        'update-notifier': '^0.6.0',
51 silly install resolved        when: '^3.7.5' },
51 silly install resolved     gitHead: 'ef24608a94639828fbe63d568ddb8bd5e567885a',
51 silly install resolved     _id: 'netlify-cli@1.1.0',
51 silly install resolved     _shasum: '85327b560e312aa336b8bd51e55eaba96e3ef21f',
51 silly install resolved     _from: 'netlify-cli@latest',
51 silly install resolved     _npmVersion: '3.8.6',
51 silly install resolved     _nodeVersion: '5.12.0',
51 silly install resolved     _npmUser: { name: 'biilmann', email: 'info@mathias-biilmann.net' },
51 silly install resolved     dist:
51 silly install resolved      { shasum: '85327b560e312aa336b8bd51e55eaba96e3ef21f',
51 silly install resolved        tarball: 'https://registry.npmjs.org/netlify-cli/-/netlify-cli-1.1.0.tgz' },
51 silly install resolved     maintainers: [ [Object] ],
51 silly install resolved     _npmOperationalInternal:
51 silly install resolved      { host: 'packages-18-east.internal.npmjs.com',
51 silly install resolved        tmp: 'tmp/netlify-cli-1.1.0.tgz_1476908839962_0.2099896485451609' },
51 silly install resolved     directories: {},
51 silly install resolved     _resolved: 'https://registry.npmjs.org/netlify-cli/-/netlify-cli-1.1.0.tgz' } ]
52 info install netlify-cli@1.1.0 into /usr/local/lib
53 info installOne netlify-cli@1.1.0
54 verbose installOne of netlify-cli to /usr/local/lib not in flight; installing
55 verbose correctMkdir /Users/Caitie/.npm/_locks correctMkdir not in flight; initializing
56 verbose lock using /Users/Caitie/.npm/_locks/netlify-cli-2235a24bfed92e7b.lock for /usr/local/lib/node_modules/netlify-cli
57 silly install write writing netlify-cli 1.1.0 to /usr/local/lib/node_modules/netlify-cli
58 verbose unbuild lib/node_modules/netlify-cli
59 silly gentlyRm /usr/local/lib/node_modules/netlify-cli is being purged from base /usr/local
60 verbose gentlyRm don't care about contents; nuking /usr/local/lib/node_modules/netlify-cli
61 verbose tar unpack /Users/Caitie/.npm/netlify-cli/1.1.0/package.tgz
62 verbose tar unpacking to /usr/local/lib/node_modules/netlify-cli
63 silly gentlyRm /usr/local/lib/node_modules/netlify-cli is being purged
64 verbose gentlyRm don't care about contents; nuking /usr/local/lib/node_modules/netlify-cli
65 silly gunzTarPerm modes [ '755', '644' ]
66 error tar.unpack untar error /Users/Caitie/.npm/netlify-cli/1.1.0/package.tgz
67 verbose unlock done using /Users/Caitie/.npm/_locks/netlify-cli-2235a24bfed92e7b.lock for /usr/local/lib/node_modules/netlify-cli
68 verbose fstream_path /usr/local/lib/node_modules/netlify-cli
69 verbose fstream_type Directory
70 verbose fstream_class DirWriter
71 verbose stack Error: EACCES: permission denied, mkdir '/usr/local/lib/node_modules/netlify-cli'
71 verbose stack     at Error (native)
72 verbose fstream_stack /usr/local/lib/node_modules/npm/node_modules/fstream/lib/dir-writer.js:35:25
72 verbose fstream_stack /usr/local/lib/node_modules/npm/node_modules/mkdirp/index.js:47:53
72 verbose fstream_stack FSReqWrap.oncomplete (fs.js:82:15)
73 verbose cwd /Users/Caitie/Downloads/my_cf_project
74 error Darwin 16.1.0
75 error argv "/usr/local/bin/node" "/usr/local/bin/npm" "install" "netlify-cli" "-g"
76 error node v4.4.2
77 error npm  v2.15.0
78 error path /usr/local/lib/node_modules/netlify-cli
79 error code EACCES
80 error errno -13
81 error syscall mkdir
82 error Error: EACCES: permission denied, mkdir '/usr/local/lib/node_modules/netlify-cli'
82 error     at Error (native)
82 error  { [Error: EACCES: permission denied, mkdir '/usr/local/lib/node_modules/netlify-cli']
82 error   errno: -13,
82 error   code: 'EACCES',
82 error   syscall: 'mkdir',
82 error   path: '/usr/local/lib/node_modules/netlify-cli',
82 error   fstream_type: 'Directory',
82 error   fstream_path: '/usr/local/lib/node_modules/netlify-cli',
82 error   fstream_class: 'DirWriter',
82 error   fstream_stack:
82 error    [ '/usr/local/lib/node_modules/npm/node_modules/fstream/lib/dir-writer.js:35:25',
82 error      '/usr/local/lib/node_modules/npm/node_modules/mkdirp/index.js:47:53',
82 error      'FSReqWrap.oncomplete (fs.js:82:15)' ] }
83 error Please try running this command again as root/Administrator.
84 verbose exit [ -13, true ]
85 verbose unbuild lib/node_modules/netlify-cli
86 silly gentlyRm /usr/local/lib/node_modules/netlify-cli is being purged from base /usr/local
87 verbose gentlyRm don't care about contents; nuking /usr/local/lib/node_modules/netlify-cli
